<?xml version="1.0" encoding="UTF-8"?>
<testsuite name="MainTest" tests="2" skipped="0" failures="0" errors="0" timestamp="2025-03-10T16:31:29" hostname="MIKE" time="0.019">
  <properties/>
  <testcase name="First Test" classname="MainTest" time="0.014"/>
  <testcase name="Second Test" classname="MainTest" time="0.002"/>
  <system-out><![CDATA[]]></system-out>
  <system-err><![CDATA[]]></system-err>
</testsuite>
